LTG/build/outputs/logs/manifest-merger-yihu360-release-report.txt
-- Merging decision tree log ---
manifest
ADDED from src\main\AndroidManifest.xml:2:1-508:12
	package
		ADDED from src\main\AndroidManifest.xml:3:11-46
		INJECTED from src\main\AndroidManifest.xml
		INJECTED from src\main\AndroidManifest.xml
	android:versionName
		ADDED from src\main\AndroidManifest.xml:6:11-40
		INJECTED from src\main\AndroidManifest.xml
		INJECTED from src\main\AndroidManifest.xml
	android:versionCode
		ADDED from src\main\AndroidManifest.xml:5:11-37
		INJECTED from src\main\AndroidManifest.xml
		INJECTED from src\main\AndroidManifest.xml
	xmlns:android
		ADDED from src\main\AndroidManifest.xml:2:11-69
	android:installLocation
		ADDED from src\main\AndroidManifest.xml:4:11-41
uses-sdk
ADDED from src\main\AndroidManifest.xml:8:5-10:40
MERGED from [com.android.support:multidex:1.0.1] AndroidManifest.xml:18:5-42
MERGED from [mingtiku_liantigou_Andriod:universalvideoview:unspecified] AndroidManifest.xml:7:5-9:41
MERGED from [mingtiku_liantigou_Andriod:baserecycler:unspecified] AndroidManifest.xml:7:5-9:41
MERGED from [com.facebook.fresco:fresco:0.7.0] AndroidManifest.xml:5:5-7:41
MERGED from [com.facebook.fresco:imagepipeline:0.7.0] AndroidManifest.xml:5:5-7:41
MERGED from [com.facebook.fresco:drawee:0.7.0] AndroidManifest.xml:5:5-7:41
MERGED from [com.facebook.fresco:fbcore:0.7.0] AndroidManifest.xml:5:5-7:41
MERGED from [me.xiaopan:switchbutton:1.2.0] AndroidManifest.xml:7:5-9:41
MERGED from [com.tencent.bugly:crashreport_upgrade:1.3.4] AndroidManifest.xml:6:5-8:41
MERGED from [com.tencent.bugly:nativecrashreport:3.3.1] AndroidManifest.xml:5:5-7:41
MERGED from [com.android.support:recyclerview-v7:22.2.1] AndroidManifest.xml:20:5-43
MERGED from [com.android.support:appcompat-v7:22.2.1] AndroidManifest.xml:20:5-43
MERGED from [com.android.support:support-v4:23.4.0] AndroidManifest.xml:20:5-43
	android:targetSdkVersion
		ADDED from src\main\AndroidManifest.xml:10:9-38
		INJECTED from src\main\AndroidManifest.xml
		INJECTED from src\main\AndroidManifest.xml
	android:minSdkVersion
		ADDED from src\main\AndroidManifest.xml:9:9-35
		INJECTED from src\main\AndroidManifest.xml
		INJECTED from src\main\AndroidManifest.xml
permission#${APPPAGENAME}.permission.JPUSH_MESSAGE
ADDED from src\main\AndroidManifest.xml:15:5-17:46
	android:protectionLevel
		ADDED from src\main\AndroidManifest.xml:17:9-44
	android:name
		ADDED from src\main\AndroidManifest.xml:16:9-63
		INJECTED from src\main\AndroidManifest.xml
uses-permission#android.permission.CALL_PHONE
ADDED from src\main\AndroidManifest.xml:19:5-68
	android:name
		ADDED from src\main\AndroidManifest.xml:19:22-66
uses-permission#${APPPAGENAME}.permission.JPUSH_MESSAGE
ADDED from src\main\AndroidManifest.xml:22:5-78
	android:name
		ADDED from src\main\AndroidManifest.xml:22:22-76
		INJECTED from src\main\AndroidManifest.xml
uses-permission#android.permission.RECEIVE_USER_PRESENT
ADDED from src\main\AndroidManifest.xml:23:5-78
	android:name
		ADDED from src\main\AndroidManifest.xml:23:22-76
uses-permission#android.permission.WAKE_LOCK
ADDED from src\main\AndroidManifest.xml:24:5-67
	android:name
		ADDED from src\main\AndroidManifest.xml:24:22-65
uses-permission#android.permission.WRITE_SETTINGS
ADDED from src\main\AndroidManifest.xml:25:5-72
	android:name
		ADDED from src\main\AndroidManifest.xml:25:22-70
uses-permission#android.permission.MOUNT_UNMOUNT_FILESYSTEMS
ADDED from src\main\AndroidManifest.xml:26:5-83
	android:name
		ADDED from src\main\AndroidManifest.xml:26:22-81
uses-permission#android.permission.ACCESS_NETWORK_STATE
ADDED from src\main\AndroidManifest.xml:27:5-78
MERGED from [com.tencent.bugly:crashreport_upgrade:1.3.4] AndroidManifest.xml:13:5-79
	android:name
		ADDED from src\main\AndroidManifest.xml:27:22-76
uses-permission#android.permission.SYSTEM_ALERT_WINDOW
ADDED from src\main\AndroidManifest.xml:28:5-77
	android:name
		ADDED from src\main\AndroidManifest.xml:28:22-75
uses-permission#android.permission.ACCESS_COARSE_LOCATION
ADDED from src\main\AndroidManifest.xml:30:5-80
	android:name
		ADDED from src\main\AndroidManifest.xml:30:22-78
uses-permission#android.permission.ACCESS_WIFI_STATE
ADDED from src\main\AndroidManifest.xml:31:5-75
MERGED from [com.tencent.bugly:crashreport_upgrade:1.3.4] AndroidManifest.xml:14:5-76
	android:name
		ADDED from src\main\AndroidManifest.xml:31:22-73
uses-permission#android.permission.CHANGE_WIFI_STATE
ADDED from src\main\AndroidManifest.xml:32:5-75
	android:name
		ADDED from src\main\AndroidManifest.xml:32:22-73
uses-permission#android.permission.ACCESS_LOCATION_EXTRA_COMMANDS
ADDED from src\main\AndroidManifest.xml:33:5-88
	android:name
		ADDED from src\main\AndroidManifest.xml:33:22-86
uses-permission#android.permission.CHANGE_NETWORK_STATE
ADDED from src\main\AndroidManifest.xml:34:5-78
	android:name
		ADDED from src\main\AndroidManifest.xml:34:22-76
uses-permission#android.permission.INTERNET
ADDED from src\main\AndroidManifest.xml:37:5-66
MERGED from [com.tencent.bugly:crashreport_upgrade:1.3.4] AndroidManifest.xml:12:5-67
	android:name
		ADDED from src\main\AndroidManifest.xml:37:22-64
uses-permission#android.permission.WRITE_EXTERNAL_STORAGE
ADDED from src\main\AndroidManifest.xml:38:5-80
MERGED from [com.tencent.bugly:crashreport_upgrade:1.3.4] AndroidManifest.xml:16:5-81
	android:name
		ADDED from src\main\AndroidManifest.xml:38:22-78
uses-permission#android.permission.READ_EXTERNAL_STORAGE
ADDED from src\main\AndroidManifest.xml:39:5-79
	android:name
		ADDED from src\main\AndroidManifest.xml:39:22-77
uses-permission#android.permission.READ_PHONE_STATE
ADDED from src\main\AndroidManifest.xml:40:5-74
MERGED from [com.tencent.bugly:crashreport_upgrade:1.3.4] AndroidManifest.xml:11:5-75
	android:name
		ADDED from src\main\AndroidManifest.xml:40:22-72
uses-permission#android.permission.ACCESS_FINE_LOCATION
ADDED from src\main\AndroidManifest.xml:45:5-78
	android:name
		ADDED from src\main\AndroidManifest.xml:45:22-76
uses-permission#android.permission.READ_LOGS
ADDED from src\main\AndroidManifest.xml:61:5-67
MERGED from [com.tencent.bugly:crashreport_upgrade:1.3.4] AndroidManifest.xml:15:5-68
	android:name
		ADDED from src\main\AndroidManifest.xml:61:22-65
uses-permission#android.permission.VIBRATE
ADDED from src\main\AndroidManifest.xml:63:5-65
	android:name
		ADDED from src\main\AndroidManifest.xml:63:22-63
uses-permission#android.permission.CAMERA
ADDED from src\main\AndroidManifest.xml:64:5-64
	android:name
		ADDED from src\main\AndroidManifest.xml:64:22-62
uses-feature#android.hardware.camera
ADDED from src\main\AndroidManifest.xml:66:5-59
	android:name
		ADDED from src\main\AndroidManifest.xml:66:19-57
uses-feature#android.hardware.camera.autofocus
ADDED from src\main\AndroidManifest.xml:67:5-69
	android:name
		ADDED from src\main\AndroidManifest.xml:67:19-67
uses-permission#android.permission.GET_TASKS
ADDED from src\main\AndroidManifest.xml:69:5-67
	android:name
		ADDED from src\main\AndroidManifest.xml:69:22-65
uses-permission#android.permission.RECORD_AUDIO
ADDED from src\main\AndroidManifest.xml:80:5-70
	android:name
		ADDED from src\main\AndroidManifest.xml:80:22-68
uses-permission#android.permission.CAPTURE_AUDIO_OUTPUT
ADDED from src\main\AndroidManifest.xml:95:5-79
	android:name
		ADDED from src\main\AndroidManifest.xml:95:22-76
uses-permission#android.permission.CAPTURE_VIDEO_OUTPUT
ADDED from src\main\AndroidManifest.xml:96:5-78
	android:name
		ADDED from src\main\AndroidManifest.xml:96:22-76
uses-permission#android.permission.MODIFY_AUDIO_SETTINGS
ADDED from src\main\AndroidManifest.xml:97:5-80
	android:name
		ADDED from src\main\AndroidManifest.xml:97:22-77
uses-permission#android.permission.CHANGE_CONFIGURATION
ADDED from src\main\AndroidManifest.xml:100:5-78
	android:name
		ADDED from src\main\AndroidManifest.xml:100:22-76
meta-data#com.baidu.lbsapi.API_KEY
ADDED from src\main\AndroidManifest.xml:105:5-107:42
	android:value
		ADDED from src\main\AndroidManifest.xml:107:9-40
		INJECTED from src\main\AndroidManifest.xml
	android:name
		ADDED from src\main\AndroidManifest.xml:106:9-48
application
ADDED from src\main\AndroidManifest.xml:110:5-506:19
MERGED from [mingtiku_liantigou_Andriod:universalvideoview:unspecified] AndroidManifest.xml:11:5-12:19
MERGED from [me.xiaopan:switchbutton:1.2.0] AndroidManifest.xml:11:5-20
MERGED from [com.tencent.bugly:crashreport_upgrade:1.3.4] AndroidManifest.xml:19:5-205:19
MERGED from [com.android.support:appcompat-v7:22.2.1] AndroidManifest.xml:22:5-20
MERGED from [com.android.support:support-v4:23.4.0] AndroidManifest.xml:22:5-20
	android:label
		ADDED from src\main\AndroidManifest.xml:114:9-41
	android:allowBackup
		ADDED from src\main\AndroidManifest.xml:112:9-35
	android:icon
		ADDED from src\main\AndroidManifest.xml:113:9-38
	android:theme
		ADDED from src\main\AndroidManifest.xml:115:9-40
	android:name
		ADDED from src\main\AndroidManifest.xml:111:9-57
activity#cn.net.dingwei.ui.LogActivity
ADDED from src\main\AndroidManifest.xml:116:9-126:20
	android:screenOrientation
		ADDED from src\main\AndroidManifest.xml:120:13-49
	android:label
		ADDED from src\main\AndroidManifest.xml:119:13-45
	android:hardwareAccelerated
		ADDED from src\main\AndroidManifest.xml:118:13-48
	android:name
		ADDED from src\main\AndroidManifest.xml:117:13-57
intent-filter#android.intent.action.MAIN+android.intent.category.LAUNCHER
ADDED from src\main\AndroidManifest.xml:121:13-125:29
action#android.intent.action.MAIN
ADDED from src\main\AndroidManifest.xml:122:17-68
	android:name
		ADDED from src\main\AndroidManifest.xml:122:25-66
category#android.intent.category.LAUNCHER
ADDED from src\main\AndroidManifest.xml:124:17-76
	android:name
		ADDED from src\main\AndroidManifest.xml:124:27-74
activity#cn.net.dingwei.ui.HomeActivity2
ADDED from src\main\AndroidManifest.xml:127:9-130:51
	android:screenOrientation
		ADDED from src\main\AndroidManifest.xml:130:13-49
	android:label
		ADDED from src\main\AndroidManifest.xml:129:13-45
	android:name
		ADDED from src\main\AndroidManifest.xml:128:13-59
activity#cn.net.dingwei.ui.Activity_homeChildView
ADDED from src\main\AndroidManifest.xml:131:9-134:51
	android:screenOrientation
		ADDED from src\main\AndroidManifest.xml:134:13-49
	android:label
		ADDED from src\main\AndroidManifest.xml:133:13-45
	android:name
		ADDED from src\main\AndroidManifest.xml:132:13-68
activity#cn.net.dingwei.ui.Registered_nickNameActivity
ADDED from src\main\AndroidManifest.xml:135:9-138:51
	android:screenOrientation
		ADDED from src\main\AndroidManifest.xml:138:13-49
	android:label
		ADDED from src\main\AndroidManifest.xml:137:13-45
	android:name
		ADDED from src\main\AndroidManifest.xml:136:13-73
activity#cn.net.dingwei.ui.PracticeReportActivity
ADDED from src\main\AndroidManifest.xml:139:9-142:51
	android:screenOrientation
		ADDED from src\main\AndroidManifest.xml:142:13-49
	android:label
		ADDED from src\main\AndroidManifest.xml:141:13-45
	android:name
		ADDED from src\main\AndroidManifest.xml:140:13-68
activity#cn.net.dingwei.ui.Person_centeredActivity
ADDED from src\main\AndroidManifest.xml:143:9-146:51
	android:screenOrientation
		ADDED from src\main\AndroidManifest.xml:146:13-49
	android:label
		ADDED from src\main\AndroidManifest.xml:145:13-45
	android:name
		ADDED from src\main\AndroidManifest.xml:144:13-69
activity#cn.net.dingwei.ui.LogingActivity
ADDED from src\main\AndroidManifest.xml:147:9-150:51
	android:screenOrientation
		ADDED from src\main\AndroidManifest.xml:150:13-49
	android:label
		ADDED from src\main\AndroidManifest.xml:149:13-45
	android:name
		ADDED from src\main\AndroidManifest.xml:148:13-60
activity#cn.net.dingwei.ui.Person_dataActivity
ADDED from src\main\AndroidManifest.xml:151:9-154:51
	android:screenOrientation
		ADDED from src\main\AndroidManifest.xml:154:13-49
	android:label
		ADDED from src\main\AndroidManifest.xml:153:13-45
	android:name
		ADDED from src\main\AndroidManifest.xml:152:13-65
activity#cn.net.dingwei.ui.User_Update_Activity
ADDED from src\main\AndroidManifest.xml:155:9-158:51
	android:screenOrientation
		ADDED from src\main\AndroidManifest.xml:158:13-49
	android:label
		ADDED from src\main\AndroidManifest.xml:157:13-45
	android:name
		ADDED from src\main\AndroidManifest.xml:156:13-66
activity#cn.net.dingwei.ui.PayVIPActivity
ADDED from src\main\AndroidManifest.xml:159:9-162:51
	android:screenOrientation
		ADDED from src\main\AndroidManifest.xml:162:13-49
	android:label
		ADDED from src\main\AndroidManifest.xml:161:13-45
	android:name
		ADDED from src\main\AndroidManifest.xml:160:13-60
activity#cn.net.dingwei.ui.Testing_answer_Activity
ADDED from src\main\AndroidManifest.xml:163:9-166:51
	android:screenOrientation
		ADDED from src\main\AndroidManifest.xml:166:13-49
	android:label
		ADDED from src\main\AndroidManifest.xml:165:13-45
	android:name
		ADDED from src\main\AndroidManifest.xml:164:13-69
activity#cn.net.dingwei.ui.Image_ViewPager_Activity
ADDED from src\main\AndroidManifest.xml:167:9-170:51
	android:screenOrientation
		ADDED from src\main\AndroidManifest.xml:170:13-49
	android:label
		ADDED from src\main\AndroidManifest.xml:169:13-45
	android:name
		ADDED from src\main\AndroidManifest.xml:168:13-70
activity#cn.net.dingwei.ui.AboutActivity
ADDED from src\main\AndroidManifest.xml:171:9-174:51
	android:screenOrientation
		ADDED from src\main\AndroidManifest.xml:174:13-49
	android:label
		ADDED from src\main\AndroidManifest.xml:173:13-45
	android:name
		ADDED from src\main\AndroidManifest.xml:172:13-59
activity#cn.net.dingwei.ui.Testting_ParseActivity
ADDED from src\main\AndroidManifest.xml:175:9-178:51
	android:screenOrientation
		ADDED from src\main\AndroidManifest.xml:178:13-49
	android:label
		ADDED from src\main\AndroidManifest.xml:177:13-45
	android:name
		ADDED from src\main\AndroidManifest.xml:176:13-68
activity#cn.net.dingwei.ui.WebViewActivity
ADDED from src\main\AndroidManifest.xml:179:9-182:51
	android:screenOrientation
		ADDED from src\main\AndroidManifest.xml:182:13-49
	android:label
		ADDED from src\main\AndroidManifest.xml:181:13-45
	android:name
		ADDED from src\main\AndroidManifest.xml:180:13-61
activity#cn.net.dingwei.ui.Rest_passwordActivity
ADDED from src\main\AndroidManifest.xml:183:9-186:51
	android:screenOrientation
		ADDED from src\main\AndroidManifest.xml:186:13-49
	android:label
		ADDED from src\main\AndroidManifest.xml:185:13-45
	android:name
		ADDED from src\main\AndroidManifest.xml:184:13-67
activity#cn.net.dingwei.ui.ShareActivity
ADDED from src\main\AndroidManifest.xml:187:9-190:51
	android:screenOrientation
		ADDED from src\main\AndroidManifest.xml:190:13-49
	android:label
		ADDED from src\main\AndroidManifest.xml:189:13-45
	android:name
		ADDED from src\main\AndroidManifest.xml:188:13-59
activity#cn.net.dingwei.ui.Reading_QuestionsActivity
ADDED from src\main\AndroidManifest.xml:191:9-194:51
	android:screenOrientation
		ADDED from src\main\AndroidManifest.xml:194:13-49
	android:label
		ADDED from src\main\AndroidManifest.xml:193:13-45
	android:name
		ADDED from src\main\AndroidManifest.xml:192:13-71
activity#cn.net.dingwei.ui.Reading_testingActivity
ADDED from src\main\AndroidManifest.xml:195:9-198:51
	android:screenOrientation
		ADDED from src\main\AndroidManifest.xml:198:13-49
	android:label
		ADDED from src\main\AndroidManifest.xml:197:13-38
	android:name
		ADDED from src\main\AndroidManifest.xml:196:13-69
activity#cn.net.dingwei.ui.QR_code_Activity
ADDED from src\main\AndroidManifest.xml:199:9-202:51
	android:screenOrientation
		ADDED from src\main\AndroidManifest.xml:202:13-49
	android:label
		ADDED from src\main\AndroidManifest.xml:201:13-45
	android:name
		ADDED from src\main\AndroidManifest.xml:200:13-62
activity#cn.net.dingwei.ui.NewRegisteredActivity
ADDED from src\main\AndroidManifest.xml:203:9-207:54
	android:screenOrientation
		ADDED from src\main\AndroidManifest.xml:206:13-49
	android:label
		ADDED from src\main\AndroidManifest.xml:205:13-33
	android:windowSoftInputMode
		ADDED from src\main\AndroidManifest.xml:207:13-52
	android:name
		ADDED from src\main\AndroidManifest.xml:204:13-67
activity#cn.net.dingwei.ui.NoteActivity
ADDED from src\main\AndroidManifest.xml:208:9-212:54
	android:screenOrientation
		ADDED from src\main\AndroidManifest.xml:211:13-49
	android:label
		ADDED from src\main\AndroidManifest.xml:210:13-33
	android:windowSoftInputMode
		ADDED from src\main\AndroidManifest.xml:212:13-52
	android:name
		ADDED from src\main\AndroidManifest.xml:209:13-58
activity#cn.net.dingwei.ui.MyNoteActivity
ADDED from src\main\AndroidManifest.xml:213:9-217:54
	android:screenOrientation
		ADDED from src\main\AndroidManifest.xml:216:13-49
	android:label
		ADDED from src\main\AndroidManifest.xml:215:13-33
	android:windowSoftInputMode
		ADDED from src\main\AndroidManifest.xml:217:13-52
	android:name
		ADDED from src\main\AndroidManifest.xml:214:13-60
activity#cn.net.dingwei.ui.WriteNoteAndErrorActivity
ADDED from src\main\AndroidManifest.xml:218:9-222:57
	android:screenOrientation
		ADDED from src\main\AndroidManifest.xml:221:13-49
	android:label
		ADDED from src\main\AndroidManifest.xml:220:13-41
	android:windowSoftInputMode
		ADDED from src\main\AndroidManifest.xml:222:13-55
	android:name
		ADDED from src\main\AndroidManifest.xml:219:13-71
activity#cn.net.dingwei.ui.MyWrongsActivity
ADDED from src\main\AndroidManifest.xml:223:9-227:54
	android:screenOrientation
		ADDED from src\main\AndroidManifest.xml:226:13-49
	android:label
		ADDED from src\main\AndroidManifest.xml:225:13-34
	android:windowSoftInputMode
		ADDED from src\main\AndroidManifest.xml:227:13-52
	android:name
		ADDED from src\main\AndroidManifest.xml:224:13-62
activity#cn.net.dingwei.ui.MyCollectionActivity
ADDED from src\main\AndroidManifest.xml:228:9-232:54
	android:screenOrientation
		ADDED from src\main\AndroidManifest.xml:231:13-49
	android:label
		ADDED from src\main\AndroidManifest.xml:230:13-33
	android:windowSoftInputMode
		ADDED from src\main\AndroidManifest.xml:232:13-52
	android:name
		ADDED from src\main\AndroidManifest.xml:229:13-66
activity#cn.net.dingwei.ui.ChooseToEnterActivity
ADDED from src\main\AndroidManifest.xml:233:9-237:54
	android:screenOrientation
		ADDED from src\main\AndroidManifest.xml:236:13-49
	android:label
		ADDED from src\main\AndroidManifest.xml:235:13-37
	android:windowSoftInputMode
		ADDED from src\main\AndroidManifest.xml:237:13-52
	android:name
		ADDED from src\main\AndroidManifest.xml:234:13-67
activity#com.changeCity.ChageCityActivity
ADDED from src\main\AndroidManifest.xml:238:9-242:54
	android:screenOrientation
		ADDED from src\main\AndroidManifest.xml:241:13-49
	android:label
		ADDED from src\main\AndroidManifest.xml:240:13-33
	android:windowSoftInputMode
		ADDED from src\main\AndroidManifest.xml:242:13-52
	android:name
		ADDED from src\main\AndroidManifest.xml:239:13-60
activity#cn.net.dingwei.ui.JinJieDetailedActivity
ADDED from src\main\AndroidManifest.xml:243:9-246:51
	android:screenOrientation
		ADDED from src\main\AndroidManifest.xml:246:13-49
	android:label
		ADDED from src\main\AndroidManifest.xml:245:13-33
	android:name
		ADDED from src\main\AndroidManifest.xml:244:13-68
activity#cn.net.dingwei.ui.RecommendShareActivity
ADDED from src\main\AndroidManifest.xml:247:9-250:51
	android:screenOrientation
		ADDED from src\main\AndroidManifest.xml:250:13-49
	android:label
		ADDED from src\main\AndroidManifest.xml:249:13-33
	android:name
		ADDED from src\main\AndroidManifest.xml:248:13-68
service#com.baidu.location.f
ADDED from src\main\AndroidManifest.xml:263:9-266:40
	android:enabled
		ADDED from src\main\AndroidManifest.xml:265:13-35
	android:process
		ADDED from src\main\AndroidManifest.xml:266:13-38
	android:name
		ADDED from src\main\AndroidManifest.xml:264:13-48
meta-data#UMENG_APPKEY
ADDED from src\main\AndroidManifest.xml:268:9-270:46
	android:value
		ADDED from src\main\AndroidManifest.xml:270:13-44
		INJECTED from src\main\AndroidManifest.xml
	android:name
		ADDED from src\main\AndroidManifest.xml:269:13-40
activity#com.tencent.tauth.AuthActivity
ADDED from src\main\AndroidManifest.xml:272:9-284:20
	android:launchMode
		ADDED from src\main\AndroidManifest.xml:274:13-44
	android:noHistory
		ADDED from src\main\AndroidManifest.xml:275:13-37
	android:name
		ADDED from src\main\AndroidManifest.xml:273:13-58
intent-filter#android.intent.action.VIEW+android.intent.category.BROWSABLE+android.intent.category.DEFAULT
ADDED from src\main\AndroidManifest.xml:276:13-283:29
action#android.intent.action.VIEW
ADDED from src\main\AndroidManifest.xml:277:17-68
	android:name
		ADDED from src\main\AndroidManifest.xml:277:25-66
category#android.intent.category.DEFAULT
ADDED from src\main\AndroidManifest.xml:279:17-75
	android:name
		ADDED from src\main\AndroidManifest.xml:279:27-73
category#android.intent.category.BROWSABLE
ADDED from src\main\AndroidManifest.xml:280:17-77
	android:name
		ADDED from src\main\AndroidManifest.xml:280:27-75
data
ADDED from src\main\AndroidManifest.xml:282:17-52
	android:scheme
		ADDED from src\main\AndroidManifest.xml:282:23-50
		INJECTED from src\main\AndroidManifest.xml
activity#com.tencent.connect.common.AssistActivity
ADDED from src\main\AndroidManifest.xml:285:9-288:74
	android:screenOrientation
		ADDED from src\main\AndroidManifest.xml:287:13-49
	android:theme
		ADDED from src\main\AndroidManifest.xml:288:13-72
	android:name
		ADDED from src\main\AndroidManifest.xml:286:13-69
activity#com.umeng.socialize.view.ShareActivity
ADDED from src\main\AndroidManifest.xml:291:9-297:70
	android:launchMode
		ADDED from src\main\AndroidManifest.xml:294:13-44
	android:noHistory
		ADDED from src\main\AndroidManifest.xml:295:13-37
	android:windowSoftInputMode
		ADDED from src\main\AndroidManifest.xml:297:13-68
	android:configChanges
		ADDED from src\main\AndroidManifest.xml:293:13-57
	android:theme
		ADDED from src\main\AndroidManifest.xml:296:13-50
	android:name
		ADDED from src\main\AndroidManifest.xml:292:13-66
activity#com.example.umengsharedemo.wxapi.WXEntryActivity
ADDED from src\main\AndroidManifest.xml:298:9-303:74
	android:screenOrientation
		ADDED from src\main\AndroidManifest.xml:302:13-49
	android:exported
		ADDED from src\main\AndroidManifest.xml:301:13-36
	android:configChanges
		ADDED from src\main\AndroidManifest.xml:300:13-74
	android:theme
		ADDED from src\main\AndroidManifest.xml:303:13-72
	android:name
		ADDED from src\main\AndroidManifest.xml:299:13-76
activity#cn.jpush.android.ui.PushActivity
ADDED from src\main\AndroidManifest.xml:307:9-318:20
	android:exported
		ADDED from src\main\AndroidManifest.xml:310:13-37
	android:configChanges
		ADDED from src\main\AndroidManifest.xml:309:13-63
	android:theme
		ADDED from src\main\AndroidManifest.xml:311:13-54
	android:name
		ADDED from src\main\AndroidManifest.xml:308:13-60
intent-filter#${APPPAGENAME}+android.intent.category.DEFAULT+cn.jpush.android.ui.PushActivity
ADDED from src\main\AndroidManifest.xml:312:13-317:29
action#cn.jpush.android.ui.PushActivity
ADDED from src\main\AndroidManifest.xml:313:17-74
	android:name
		ADDED from src\main\AndroidManifest.xml:313:25-72
category#${APPPAGENAME}
ADDED from src\main\AndroidManifest.xml:316:17-58
	android:name
		ADDED from src\main\AndroidManifest.xml:316:27-56
		INJECTED from src\main\AndroidManifest.xml
		INJECTED from src\main\AndroidManifest.xml
		INJECTED from src\main\AndroidManifest.xml
		INJECTED from src\main\AndroidManifest.xml
service#cn.jpush.android.service.DownloadService
ADDED from src\main\AndroidManifest.xml:320:9-323:39
	android:enabled
		ADDED from src\main\AndroidManifest.xml:322:13-35
	android:exported
		ADDED from src\main\AndroidManifest.xml:323:13-37
	android:name
		ADDED from src\main\AndroidManifest.xml:321:13-68
service#cn.jpush.android.service.PushService
ADDED from src\main\AndroidManifest.xml:326:9-336:19
	android:enabled
		ADDED from src\main\AndroidManifest.xml:328:13-35
	android:exported
		ADDED from src\main\AndroidManifest.xml:329:13-37
	android:name
		ADDED from src\main\AndroidManifest.xml:327:13-64
intent-filter#cn.jpush.android.intent.PUSH_TIME+cn.jpush.android.intent.PushService+cn.jpush.android.intent.REGISTER+cn.jpush.android.intent.REPORT
ADDED from src\main\AndroidManifest.xml:330:13-335:29
action#cn.jpush.android.intent.REGISTER
ADDED from src\main\AndroidManifest.xml:331:17-74
	android:name
		ADDED from src\main\AndroidManifest.xml:331:25-72
action#cn.jpush.android.intent.REPORT
ADDED from src\main\AndroidManifest.xml:332:17-72
	android:name
		ADDED from src\main\AndroidManifest.xml:332:25-70
action#cn.jpush.android.intent.PushService
ADDED from src\main\AndroidManifest.xml:333:17-77
	android:name
		ADDED from src\main\AndroidManifest.xml:333:25-75
action#cn.jpush.android.intent.PUSH_TIME
ADDED from src\main\AndroidManifest.xml:334:17-75
	android:name
		ADDED from src\main\AndroidManifest.xml:334:25-73
service#cn.jpush.android.service.DaemonService
ADDED from src\main\AndroidManifest.xml:340:9-349:19
	android:enabled
		ADDED from src\main\AndroidManifest.xml:342:13-35
	android:exported
		ADDED from src\main\AndroidManifest.xml:343:13-36
	android:name
		ADDED from src\main\AndroidManifest.xml:341:13-66
intent-filter#${APPPAGENAME}+cn.jpush.android.intent.DaemonService
ADDED from src\main\AndroidManifest.xml:344:13-348:29
action#cn.jpush.android.intent.DaemonService
ADDED from src\main\AndroidManifest.xml:345:17-79
	android:name
		ADDED from src\main\AndroidManifest.xml:345:25-77
receiver#cn.jpush.android.service.PushReceiver
ADDED from src\main\AndroidManifest.xml:352:9-372:20
	android:enabled
		ADDED from src\main\AndroidManifest.xml:354:13-35
	android:exported
		ADDED from src\main\AndroidManifest.xml:355:13-37
	android:name
		ADDED from src\main\AndroidManifest.xml:353:13-65
intent-filter#${APPPAGENAME}+cn.jpush.android.intent.NOTIFICATION_RECEIVED_PROXY
ADDED from src\main\AndroidManifest.xml:356:13-360:29
	android:priority
		ADDED from src\main\AndroidManifest.xml:356:28-51
action#cn.jpush.android.intent.NOTIFICATION_RECEIVED_PROXY
ADDED from src\main\AndroidManifest.xml:357:17-93
	android:name
		ADDED from src\main\AndroidManifest.xml:357:25-91
intent-filter#android.intent.action.USER_PRESENT+android.net.conn.CONNECTIVITY_CHANGE
ADDED from src\main\AndroidManifest.xml:361:13-364:29
action#android.intent.action.USER_PRESENT
ADDED from src\main\AndroidManifest.xml:362:17-76
	android:name
		ADDED from src\main\AndroidManifest.xml:362:25-74
action#android.net.conn.CONNECTIVITY_CHANGE
ADDED from src\main\AndroidManifest.xml:363:17-78
	android:name
		ADDED from src\main\AndroidManifest.xml:363:25-76
intent-filter#android.intent.action.PACKAGE_ADDED+android.intent.action.PACKAGE_REMOVED
ADDED from src\main\AndroidManifest.xml:366:13-371:29
action#android.intent.action.PACKAGE_ADDED
ADDED from src\main\AndroidManifest.xml:367:17-77
	android:name
		ADDED from src\main\AndroidManifest.xml:367:25-75
action#android.intent.action.PACKAGE_REMOVED
ADDED from src\main\AndroidManifest.xml:368:17-79
	android:name
		ADDED from src\main\AndroidManifest.xml:368:25-77
receiver#cn.jpush.android.service.AlarmReceiver
ADDED from src\main\AndroidManifest.xml:375:9-74
	android:name
		ADDED from src\main\AndroidManifest.xml:375:19-72
receiver#jpush.MyReceiver
ADDED from src\main\AndroidManifest.xml:378:9-398:20
	android:enabled
		ADDED from src\main\AndroidManifest.xml:380:13-35
	android:exported
		ADDED from src\main\AndroidManifest.xml:381:13-37
	android:name
		ADDED from src\main\AndroidManifest.xml:379:13-44
intent-filter#${APPPAGENAME}+cn.jpush.android.intent.ACTION_RICHPUSH_CALLBACK+cn.jpush.android.intent.CONNECTION+cn.jpush.android.intent.MESSAGE_RECEIVED+cn.jpush.android.intent.NOTIFICATION_OPENED+cn.jpush.android.intent.NOTIFICATION_RECEIVED+cn.jpush.android.intent.REGISTRATION+cn.jpush.android.intent.UNREGISTRATION
ADDED from src\main\AndroidManifest.xml:382:13-397:29
action#cn.jpush.android.intent.REGISTRATION
ADDED from src\main\AndroidManifest.xml:383:17-78
	android:name
		ADDED from src\main\AndroidManifest.xml:383:25-76
action#cn.jpush.android.intent.UNREGISTRATION
ADDED from src\main\AndroidManifest.xml:385:17-80
	android:name
		ADDED from src\main\AndroidManifest.xml:385:25-78
action#cn.jpush.android.intent.MESSAGE_RECEIVED
ADDED from src\main\AndroidManifest.xml:386:17-82
	android:name
		ADDED from src\main\AndroidManifest.xml:386:25-80
action#cn.jpush.android.intent.NOTIFICATION_RECEIVED
ADDED from src\main\AndroidManifest.xml:388:17-87
	android:name
		ADDED from src\main\AndroidManifest.xml:388:25-85
action#cn.jpush.android.intent.NOTIFICATION_OPENED
ADDED from src\main\AndroidManifest.xml:390:17-85
	android:name
		ADDED from src\main\AndroidManifest.xml:390:25-83
action#cn.jpush.android.intent.ACTION_RICHPUSH_CALLBACK
ADDED from src\main\AndroidManifest.xml:392:17-90
	android:name
		ADDED from src\main\AndroidManifest.xml:392:25-88
action#cn.jpush.android.intent.CONNECTION
ADDED from src\main\AndroidManifest.xml:394:17-76
	android:name
		ADDED from src\main\AndroidManifest.xml:394:25-74
meta-data#JPUSH_CHANNEL
ADDED from src\main\AndroidManifest.xml:401:9-403:48
	android:value
		ADDED from src\main\AndroidManifest.xml:403:13-46
	android:name
		ADDED from src\main\AndroidManifest.xml:402:13-41
meta-data#JPUSH_APPKEY
ADDED from src\main\AndroidManifest.xml:404:9-406:46
	android:value
		ADDED from src\main\AndroidManifest.xml:406:13-44
		INJECTED from src\main\AndroidManifest.xml
	android:name
		ADDED from src\main\AndroidManifest.xml:405:13-40
meta-data#BDAPPID
ADDED from src\main\AndroidManifest.xml:409:9-411:41
	android:value
		ADDED from src\main\AndroidManifest.xml:411:13-39
		INJECTED from src\main\AndroidManifest.xml
	android:name
		ADDED from src\main\AndroidManifest.xml:410:13-35
meta-data#BDAPPKEY
ADDED from src\main\AndroidManifest.xml:413:9-415:42
	android:value
		ADDED from src\main\AndroidManifest.xml:415:13-40
		INJECTED from src\main\AndroidManifest.xml
	android:name
		ADDED from src\main\AndroidManifest.xml:414:13-36
service#com.tencent.qalsdk.service.QalService